<?xml version="1.0" encoding="UTF-8"?>
<!-- Generated by org.testng.reporters.JUnitXMLReporter -->
<testsuite ignored="0" hostname="DESKTOP-BIPJ7KQ" failures="0" tests="2" name="Test_Runner_Firefox" time="127.101" errors="0" timestamp="2023-02-25T14:56:40 IST">
  <testcase classname="vTiger.ContactsTests.CreateContactWithOrganizationTest" name="createContactWithOrg" time="77.694"/>
  <testcase classname="vTiger.ContactsTests.CreateContactWithOrganizationTest" name="demoTest" time="0.006"/>
</testsuite> <!-- Test_Runner_Firefox -->
