<?xml version="1.0" encoding="UTF-8"?>
<!-- Generated by org.testng.reporters.JUnitXMLReporter -->
<testsuite ignored="0" hostname="DESKTOP-BIPJ7KQ" failures="0" tests="2" name="Test_runner2" time="118.948" errors="0" timestamp="2023-02-25T14:02:33 IST">
  <testcase classname="vTiger.ContactsTests.CreateContactWithOrganizationTest" name="createContactWithOrg" time="59.917"/>
  <testcase classname="vTiger.ContactsTests.CreateContactWithOrganizationTest" name="demoTest" time="0.003"/>
</testsuite> <!-- Test_runner2 -->
