<?xml version="1.0" encoding="UTF-8"?>
<testng-results ignored="0" total="1" passed="1" failed="0" skipped="0">
  <reporter-output>
  </reporter-output>
  <suite started-at="2023-03-02T14:04:31 IST" name="Suite" finished-at="2023-03-02T14:04:31 IST" duration-ms="106">
    <groups>
    </groups>
    <test started-at="2023-03-02T14:04:31 IST" name="Test" finished-at="2023-03-02T14:04:31 IST" duration-ms="106">
      <class name="vTiger.Practice.ReadDataFromCMDLine">
        <test-method signature="ReadData()[pri:0, instance:vTiger.Practice.ReadDataFromCMDLine@26e356f0]" started-at="2023-03-02T14:04:31 IST" name="ReadData" finished-at="2023-03-02T14:04:31 IST" duration-ms="19" status="PASS">
          <reporter-output>
          </reporter-output>
        </test-method> <!-- ReadData -->
      </class> <!-- vTiger.Practice.ReadDataFromCMDLine -->
    </test> <!-- Test -->
  </suite> <!-- Suite -->
</testng-results>
