<?xml version="1.0" encoding="UTF-8"?>
<testng-results ignored="0" total="2" passed="2" failed="0" skipped="0">
  <reporter-output>
    <line>
      <![CDATA[navigate to organization]]>
    </line>
    <line>
      <![CDATA[click on create org look up image]]>
    </line>
    <line>
      <![CDATA[created organization withTCS337]]>
    </line>
  </reporter-output>
  <suite started-at="2023-03-02T16:10:47 IST" name="Suite" finished-at="2023-03-02T16:14:48 IST" duration-ms="240020">
    <groups>
      <group name="RegressionSuite">
        <method signature="CreateContactWithOrganizationTest.demoTest()[pri:0, instance:vTiger.ContactsTests.CreateContactWithOrganizationTest@740cae06]" name="demoTest" class="vTiger.ContactsTests.CreateContactWithOrganizationTest"/>
      </group> <!-- RegressionSuite -->
      <group name="SmokeSuite">
        <method signature="CreateContactWithOrganizationTest.createContactWithOrg()[pri:0, instance:vTiger.ContactsTests.CreateContactWithOrganizationTest@740cae06]" name="createContactWithOrg" class="vTiger.ContactsTests.CreateContactWithOrganizationTest"/>
      </group> <!-- SmokeSuite -->
    </groups>
    <test started-at="2023-03-02T16:10:47 IST" name="Test" finished-at="2023-03-02T16:14:48 IST" duration-ms="240020">
      <class name="vTiger.ContactsTests.CreateContactWithOrganizationTest">
        <test-method is-config="true" signature="bsConfig()[pri:0, instance:vTiger.ContactsTests.CreateContactWithOrganizationTest@740cae06]" started-at="2023-03-02T16:10:47 IST" name="bsConfig" finished-at="2023-03-02T16:10:47 IST" duration-ms="31" status="PASS">
          <reporter-output>
          </reporter-output>
        </test-method> <!-- bsConfig -->
        <test-method is-config="true" signature="bcConfig()[pri:0, instance:vTiger.ContactsTests.CreateContactWithOrganizationTest@740cae06]" started-at="2023-03-02T16:10:48 IST" name="bcConfig" finished-at="2023-03-02T16:12:19 IST" duration-ms="90674" status="PASS">
          <reporter-output>
          </reporter-output>
        </test-method> <!-- bcConfig -->
        <test-method is-config="true" signature="bmConfig()[pri:0, instance:vTiger.ContactsTests.CreateContactWithOrganizationTest@740cae06]" started-at="2023-03-02T16:12:19 IST" name="bmConfig" finished-at="2023-03-02T16:13:38 IST" duration-ms="78761" status="PASS">
          <reporter-output>
          </reporter-output>
        </test-method> <!-- bmConfig -->
        <test-method signature="createContactWithOrg()[pri:0, instance:vTiger.ContactsTests.CreateContactWithOrganizationTest@740cae06]" started-at="2023-03-02T16:13:38 IST" name="createContactWithOrg" finished-at="2023-03-02T16:14:31 IST" duration-ms="52936" status="PASS">
          <reporter-output>
            <line>
              <![CDATA[navigate to organization]]>
            </line>
            <line>
              <![CDATA[click on create org look up image]]>
            </line>
            <line>
              <![CDATA[created organization withTCS337]]>
            </line>
          </reporter-output>
        </test-method> <!-- createContactWithOrg -->
        <test-method is-config="true" signature="amConfig()[pri:0, instance:vTiger.ContactsTests.CreateContactWithOrganizationTest@740cae06]" started-at="2023-03-02T16:14:31 IST" name="amConfig" finished-at="2023-03-02T16:14:34 IST" duration-ms="3187" status="PASS">
          <reporter-output>
          </reporter-output>
        </test-method> <!-- amConfig -->
        <test-method is-config="true" signature="bmConfig()[pri:0, instance:vTiger.ContactsTests.CreateContactWithOrganizationTest@740cae06]" started-at="2023-03-02T16:14:34 IST" name="bmConfig" finished-at="2023-03-02T16:14:37 IST" duration-ms="2890" status="PASS">
          <reporter-output>
          </reporter-output>
        </test-method> <!-- bmConfig -->
        <test-method signature="demoTest()[pri:0, instance:vTiger.ContactsTests.CreateContactWithOrganizationTest@740cae06]" started-at="2023-03-02T16:14:37 IST" name="demoTest" finished-at="2023-03-02T16:14:37 IST" duration-ms="2" status="PASS">
          <reporter-output>
          </reporter-output>
        </test-method> <!-- demoTest -->
        <test-method is-config="true" signature="amConfig()[pri:0, instance:vTiger.ContactsTests.CreateContactWithOrganizationTest@740cae06]" started-at="2023-03-02T16:14:37 IST" name="amConfig" finished-at="2023-03-02T16:14:46 IST" duration-ms="9420" status="PASS">
          <reporter-output>
          </reporter-output>
        </test-method> <!-- amConfig -->
        <test-method is-config="true" signature="acConfig()[pri:0, instance:vTiger.ContactsTests.CreateContactWithOrganizationTest@740cae06]" started-at="2023-03-02T16:14:46 IST" name="acConfig" finished-at="2023-03-02T16:14:48 IST" duration-ms="1268" status="PASS">
          <reporter-output>
          </reporter-output>
        </test-method> <!-- acConfig -->
        <test-method is-config="true" signature="asConfig()[pri:0, instance:vTiger.ContactsTests.CreateContactWithOrganizationTest@740cae06]" started-at="2023-03-02T16:14:49 IST" name="asConfig" finished-at="2023-03-02T16:14:49 IST" duration-ms="1" status="PASS">
          <reporter-output>
          </reporter-output>
        </test-method> <!-- asConfig -->
      </class> <!-- vTiger.ContactsTests.CreateContactWithOrganizationTest -->
    </test> <!-- Test -->
  </suite> <!-- Suite -->
</testng-results>
